<?xml version="1.0" encoding="UTF-8"?>
<!-- Generated by org.testng.reporters.JUnitReportReporter -->
<testsuite skipped="0" hostname="saivamshi" name="com.testscenarios.NewTest" tests="1" failures="0" timestamp="2022-04-29T21:00:45 EDT" time="0.006" errors="0">
  <testcase name="f" time="0.006" classname="com.testscenarios.NewTest"/>
  <system-out/>
</testsuite> <!-- com.testscenarios.NewTest -->
